0 verbose cli /Users/thezakinator/.nvm/versions/node/v18.19.1/bin/node /Users/thezakinator/.nvm/versions/node/v18.19.1/bin/npm
1 info using npm@10.2.4
2 info using node@v18.19.1
3 timing npm:load:whichnode Completed in 5ms
4 timing config:load:defaults Completed in 2ms
5 timing config:load:file:/Users/thezakinator/.nvm/versions/node/v18.19.1/lib/node_modules/npm/npmrc Completed in 16ms
6 timing config:load:builtin Completed in 17ms
7 timing config:load:cli Completed in 16ms
8 timing config:load:env Completed in 1ms
9 timing config:load:file:/Users/thezakinator/Library/Caches/typescript/5.3/.npmrc Completed in 1ms
10 timing config:load:project Completed in 2ms
11 timing config:load:file:/Users/thezakinator/.npmrc Completed in 0ms
12 timing config:load:user Completed in 1ms
13 timing config:load:file:/Users/thezakinator/.nvm/versions/node/v18.19.1/etc/npmrc Completed in 1ms
14 timing config:load:global Completed in 1ms
15 timing config:load:setEnvs Completed in 1ms
16 timing config:load Completed in 41ms
17 timing npm:load:configload Completed in 41ms
18 timing config:load:flatten Completed in 6ms
19 timing npm:load:mkdirpcache Completed in 0ms
20 timing npm:load:mkdirplogs Completed in 0ms
21 verbose title npm install types-registry@latest
22 verbose argv "install" "--ignore-scripts" "types-registry@latest"
23 timing npm:load:setTitle Completed in 29ms
24 timing npm:load:display Completed in 0ms
25 verbose logfile logs-max:10 dir:/Users/thezakinator/.npm/_logs/2024-03-04T23_05_57_434Z-
26 verbose logfile /Users/thezakinator/.npm/_logs/2024-03-04T23_05_57_434Z-debug-0.log
27 timing npm:load:logFile Completed in 22ms
28 timing npm:load:timers Completed in 0ms
29 timing npm:load:configScope Completed in 0ms
30 timing npm:load Completed in 140ms
31 timing arborist:ctor Completed in 0ms
32 silly logfile done cleaning log files
33 timing arborist:ctor Completed in 0ms
34 timing idealTree:init Completed in 15ms
35 http fetch GET 200 https://registry.npmjs.org/types-registry 203ms (cache miss)
36 timing idealTree:userRequests Completed in 216ms
37 silly idealTree buildDeps
38 silly fetch manifest types-registry@0.1.684
39 silly placeDep ROOT types-registry@0.1.684 OK for:  want: 0.1.684
40 timing idealTree:#root Completed in 8ms
41 timing idealTree:node_modules/types-registry Completed in 0ms
42 timing idealTree:buildDeps Completed in 9ms
43 timing idealTree:fixDepFlags Completed in 0ms
44 timing idealTree Completed in 243ms
45 timing reify:loadTrees Completed in 244ms
46 timing reify:diffTrees Completed in 1ms
47 silly reify moves {}
48 timing reify:retireShallow Completed in 1ms
49 timing reify:createSparse Completed in 1ms
50 timing reify:loadBundles Completed in 0ms
51 silly audit bulk request { 'types-registry': [ '0.1.684' ] }
52 silly tarball no local data for types-registry@https://registry.npmjs.org/types-registry/-/types-registry-0.1.684.tgz. Extracting by manifest.
53 http fetch GET 200 https://registry.npmjs.org/npm 441ms (cache miss)
54 http fetch POST 200 https://registry.npmjs.org/-/npm/v1/security/advisories/bulk 80ms
55 timing auditReport:getReport Completed in 82ms
56 silly audit report {}
57 timing auditReport:init Completed in 0ms
58 timing reify:audit Completed in 84ms
59 http fetch GET 200 https://registry.npmjs.org/types-registry/-/types-registry-0.1.684.tgz 98ms (cache miss)
60 timing reifyNode:node_modules/types-registry Completed in 107ms
61 timing reify:unpack Completed in 107ms
62 timing reify:unretire Completed in 0ms
63 timing build:queue Completed in 1ms
64 timing build:deps Completed in 1ms
65 timing build Completed in 1ms
66 timing reify:build Completed in 2ms
67 timing reify:trash Completed in 0ms
68 timing reify:save Completed in 6ms
69 timing reify Completed in 544ms
70 silly ADD node_modules/types-registry
71 timing command:install Completed in 549ms
72 notice
72 notice New minor version of npm available! 10.2.4 -> 10.5.0
72 notice Changelog: <https://github.com/npm/cli/releases/tag/v10.5.0>
72 notice Run `npm install -g npm@10.5.0` to update!
72 notice
73 verbose exit 0
74 timing npm Completed in 1267ms
75 info ok
