0 verbose cli /Users/thezakinator/.nvm/versions/node/v18.19.1/bin/node /Users/thezakinator/.nvm/versions/node/v18.19.1/bin/npm
1 info using npm@10.5.1
2 info using node@v18.19.1
3 timing npm:load:whichnode Completed in 3ms
4 timing config:load:defaults Completed in 2ms
5 timing config:load:file:/Users/thezakinator/.nvm/versions/node/v18.19.1/lib/node_modules/npm/npmrc Completed in 3ms
6 timing config:load:builtin Completed in 4ms
7 timing config:load:cli Completed in 5ms
8 timing config:load:env Completed in 1ms
9 timing config:load:file:/Users/thezakinator/Library/Caches/typescript/5.3/.npmrc Completed in 0ms
10 timing config:load:project Completed in 6ms
11 timing config:load:file:/Users/thezakinator/.npmrc Completed in 1ms
12 timing config:load:user Completed in 1ms
13 timing config:load:file:/Users/thezakinator/.nvm/versions/node/v18.19.1/etc/npmrc Completed in 0ms
14 timing config:load:global Completed in 0ms
15 timing config:load:setEnvs Completed in 1ms
16 timing config:load Completed in 20ms
17 timing npm:load:configload Completed in 20ms
18 timing config:load:flatten Completed in 6ms
19 timing npm:load:mkdirpcache Completed in 0ms
20 timing npm:load:mkdirplogs Completed in 1ms
21 verbose title npm install types-registry@latest
22 verbose argv "install" "--ignore-scripts" "types-registry@latest"
23 timing npm:load:setTitle Completed in 40ms
24 timing npm:load:display Completed in 2ms
25 verbose logfile logs-max:10 dir:/Users/thezakinator/.npm/_logs/2024-04-18T01_10_16_030Z-
26 verbose logfile /Users/thezakinator/.npm/_logs/2024-04-18T01_10_16_030Z-debug-0.log
27 timing npm:load:logFile Completed in 25ms
28 timing npm:load:timers Completed in 0ms
29 timing npm:load:configScope Completed in 0ms
30 timing npm:load Completed in 141ms
31 timing arborist:ctor Completed in 1ms
32 silly logfile start cleaning logs, removing 1 files
33 silly logfile done cleaning log files
34 timing idealTree:init Completed in 73ms
35 timing arborist:ctor Completed in 0ms
36 http fetch GET 200 https://registry.npmjs.org/types-registry 448ms (cache revalidated)
37 timing idealTree:userRequests Completed in 460ms
38 silly idealTree buildDeps
39 silly fetch manifest types-registry@0.1.684
40 silly placeDep ROOT types-registry@0.1.684 REPLACE for:  want: 0.1.684
41 timing idealTree:#root Completed in 9ms
42 timing idealTree:node_modules/types-registry Completed in 0ms
43 timing idealTree:buildDeps Completed in 12ms
44 timing idealTree:fixDepFlags Completed in 0ms
45 timing idealTree Completed in 548ms
46 timing reify:loadTrees Completed in 549ms
47 timing reify:diffTrees Completed in 3ms
48 silly reify moves {}
49 timing reify:retireShallow Completed in 2ms
50 timing reify:createSparse Completed in 0ms
51 timing reify:loadBundles Completed in 0ms
52 silly audit bulk request {
52 silly audit   '@babel/code-frame': [ '7.24.2' ],
52 silly audit   '@babel/helper-validator-identifier': [ '7.22.20' ],
52 silly audit   '@babel/highlight': [ '7.24.2' ],
52 silly audit   'ansi-styles': [ '3.2.1', '4.3.0', '5.2.0' ],
52 silly audit   chalk: [ '2.4.2', '4.1.2' ],
52 silly audit   'color-convert': [ '1.9.3', '2.0.1' ],
52 silly audit   'color-name': [ '1.1.3', '1.1.4' ],
52 silly audit   'escape-string-regexp': [ '1.0.5', '2.0.0' ],
52 silly audit   'has-flag': [ '3.0.0', '4.0.0' ],
52 silly audit   'supports-color': [ '5.5.0', '7.2.0' ],
52 silly audit   '@jest/expect-utils': [ '29.7.0' ],
52 silly audit   '@jest/schemas': [ '29.6.3' ],
52 silly audit   '@jest/types': [ '29.6.3' ],
52 silly audit   '@sinclair/typebox': [ '0.27.8' ],
52 silly audit   '@types/istanbul-lib-coverage': [ '2.0.6' ],
52 silly audit   '@types/istanbul-lib-report': [ '3.0.3' ],
52 silly audit   '@types/istanbul-reports': [ '3.0.4' ],
52 silly audit   '@types/jest': [ '29.5.12' ],
52 silly audit   '@types/node': [ '20.12.7' ],
52 silly audit   '@types/stack-utils': [ '2.0.3' ],
52 silly audit   '@types/yargs': [ '17.0.32' ],
52 silly audit   '@types/yargs-parser': [ '21.0.3' ],
52 silly audit   braces: [ '3.0.2' ],
52 silly audit   'ci-info': [ '3.9.0' ],
52 silly audit   'diff-sequences': [ '29.6.3' ],
52 silly audit   expect: [ '29.7.0' ],
52 silly audit   'fill-range': [ '7.0.1' ],
52 silly audit   'graceful-fs': [ '4.2.11' ],
52 silly audit   'is-number': [ '7.0.0' ],
52 silly audit   'jest-diff': [ '29.7.0' ],
52 silly audit   'jest-get-type': [ '29.6.3' ],
52 silly audit   'jest-matcher-utils': [ '29.7.0' ],
52 silly audit   'jest-message-util': [ '29.7.0' ],
52 silly audit   'jest-util': [ '29.7.0' ],
52 silly audit   'js-tokens': [ '4.0.0' ],
52 silly audit   micromatch: [ '4.0.5' ],
52 silly audit   picocolors: [ '1.0.0' ],
52 silly audit   picomatch: [ '2.3.1' ],
52 silly audit   'pretty-format': [ '29.7.0' ],
52 silly audit   'react-is': [ '18.2.0' ],
52 silly audit   slash: [ '3.0.0' ],
52 silly audit   'stack-utils': [ '2.0.6' ],
52 silly audit   'to-regex-range': [ '5.0.1' ],
52 silly audit   'undici-types': [ '5.26.5' ],
52 silly audit   'types-registry': [ '0.1.684' ]
52 silly audit }
53 timing reify:unpack Completed in 1ms
54 timing reify:unretire Completed in 0ms
55 timing build:queue Completed in 0ms
56 timing build:deps Completed in 1ms
57 timing build Completed in 1ms
58 timing reify:build Completed in 1ms
59 timing reify:trash Completed in 0ms
60 timing reify:save Completed in 36ms
61 http fetch POST 200 https://registry.npmjs.org/-/npm/v1/security/advisories/bulk 97ms
62 timing auditReport:getReport Completed in 101ms
63 silly audit report {}
64 timing auditReport:init Completed in 0ms
65 timing reify:audit Completed in 103ms
66 timing reify Completed in 674ms
67 timing command:install Completed in 682ms
68 verbose exit 0
69 timing npm Completed in 1889ms
70 info ok
