0 verbose cli /Users/thezakinator/.nvm/versions/node/v18.19.1/bin/node /Users/thezakinator/.nvm/versions/node/v18.19.1/bin/npm
1 info using npm@10.2.4
2 info using node@v18.19.1
3 timing npm:load:whichnode Completed in 5ms
4 timing config:load:defaults Completed in 4ms
5 timing config:load:file:/Users/thezakinator/.nvm/versions/node/v18.19.1/lib/node_modules/npm/npmrc Completed in 21ms
6 timing config:load:builtin Completed in 23ms
7 timing config:load:cli Completed in 28ms
8 timing config:load:env Completed in 2ms
9 timing config:load:file:/Users/thezakinator/Library/Caches/typescript/5.3/.npmrc Completed in 0ms
10 timing config:load:project Completed in 167ms
11 timing config:load:file:/Users/thezakinator/.npmrc Completed in 1ms
12 timing config:load:user Completed in 3ms
13 timing config:load:file:/Users/thezakinator/.nvm/versions/node/v18.19.1/etc/npmrc Completed in 1ms
14 timing config:load:global Completed in 2ms
15 timing config:load:setEnvs Completed in 1ms
16 timing config:load Completed in 231ms
17 timing npm:load:configload Completed in 231ms
18 timing config:load:flatten Completed in 7ms
19 timing npm:load:mkdirpcache Completed in 1ms
20 timing npm:load:mkdirplogs Completed in 1ms
21 verbose title npm install types-registry@latest
22 verbose argv "install" "--ignore-scripts" "types-registry@latest"
23 timing npm:load:setTitle Completed in 53ms
24 timing npm:load:display Completed in 2ms
25 verbose logfile logs-max:10 dir:/Users/thezakinator/.npm/_logs/2024-03-07T00_37_00_125Z-
26 verbose logfile /Users/thezakinator/.npm/_logs/2024-03-07T00_37_00_125Z-debug-0.log
27 timing npm:load:logFile Completed in 26ms
28 timing npm:load:timers Completed in 0ms
29 timing npm:load:configScope Completed in 0ms
30 timing npm:load Completed in 399ms
31 timing arborist:ctor Completed in 1ms
32 silly logfile done cleaning log files
33 timing idealTree:init Completed in 109ms
34 timing arborist:ctor Completed in 1ms
35 http fetch GET 200 https://registry.npmjs.org/types-registry 644ms (cache revalidated)
36 timing idealTree:userRequests Completed in 674ms
37 silly idealTree buildDeps
38 silly fetch manifest types-registry@0.1.684
39 silly placeDep ROOT types-registry@0.1.684 REPLACE for:  want: 0.1.684
40 timing idealTree:#root Completed in 48ms
41 timing idealTree:node_modules/types-registry Completed in 0ms
42 timing idealTree:buildDeps Completed in 49ms
43 timing idealTree:fixDepFlags Completed in 1ms
44 timing idealTree Completed in 849ms
45 timing reify:loadTrees Completed in 919ms
46 timing reify:diffTrees Completed in 1ms
47 silly reify moves {}
48 timing reify:retireShallow Completed in 2ms
49 timing reify:createSparse Completed in 0ms
50 timing reify:loadBundles Completed in 0ms
51 silly audit bulk request { 'types-registry': [ '0.1.684' ] }
52 timing reify:unpack Completed in 2ms
53 timing reify:unretire Completed in 0ms
54 timing build:queue Completed in 0ms
55 timing build:deps Completed in 1ms
56 timing build Completed in 1ms
57 timing reify:build Completed in 2ms
58 timing reify:trash Completed in 0ms
59 timing reify:save Completed in 16ms
60 http fetch POST 200 https://registry.npmjs.org/-/npm/v1/security/advisories/bulk 102ms
61 timing auditReport:getReport Completed in 104ms
62 silly audit report {}
63 timing auditReport:init Completed in 1ms
64 timing reify:audit Completed in 107ms
65 timing reify Completed in 1123ms
66 timing command:install Completed in 1284ms
67 verbose exit 0
68 timing npm Completed in 3487ms
69 info ok
