[135.036] DBG: ** Achievements (303 Total) **************************************
[135.036] DBG: ******************************************************************
[135.038] DBG:   0 (L): ACHIEVEMENT_WIN_WASHINGTON (First in the Hearts of Your Countrymen) = Locked
[135.039] DBG:   1 (L): ACHIEVEMENT_WIN_ELIZABETH (Video et Taceo) = Locked
[135.047] DBG:   2 (L): ACHIEVEMENT_WIN_NAPOLEON (Vivre La Revolution) = Locked
[135.048] DBG:   3 (L): ACHIEVEMENT_WIN_BISMARCK (Blood and Iron) = Locked
[135.052] DBG:   4 (L): ACHIEVEMENT_WIN_CATHERINE (Star of the North) = Locked
[135.053] DBG:   5 (L): ACHIEVEMENT_WIN_CAESAR (Veni, Vidi, Vici) = Locked
[135.053] DBG:   6 (L): ACHIEVEMENT_WIN_ALEXANDER (The Man Who Would Be King) = Locked
[135.054] DBG:   7 (L): ACHIEVEMENT_WIN_RAMESSES (Amongst the Catacombs of Nephren-Ka) = Locked
[135.055] DBG:   8 (L): ACHIEVEMENT_WIN_ASKIA (The African King) = Locked
[135.055] DBG:   9 (L): ACHIEVEMENT_WIN_HARUN (Arabian Knights) = Locked
[135.056] DBG:  10 (L): ACHIEVEMENT_WIN_DARIUS (Age of Empire) = Locked
[135.057] DBG:  11 (L): ACHIEVEMENT_WIN_GANDHI (Give Peace a Chance) = Locked
[135.057] DBG:  12 (L): ACHIEVEMENT_WIN_RAMKHAMHAENG (Empire of the East) = Locked
[135.058] DBG:  13 (L): ACHIEVEMENT_WIN_WU (A Woman's Work) = Locked
[135.059] DBG:  14 (L): ACHIEVEMENT_WIN_ODA (Rising Sun) = Locked
[135.059] DBG:  15 (L): ACHIEVEMENT_WIN_HIAWATHA (First of the Mohicans) = Locked
[135.060] DBG:  16 (L): ACHIEVEMENT_WIN_MONTEZUMA (Montezuma's Revenge…) = Locked
[135.061] DBG:  17 (L): ACHIEVEMENT_WIN_SULEIMAN (A Magnificent Victory) = Locked
[135.061] DBG:  18 (L): ACHIEVEMENT_WIN_ALLBASELEADERS (Master of the Universe) = Locked
[135.062] DBG:  19 (L): ACHIEVEMENT_DIFLEVEL_SETTLER (Baby Steps) = Locked
[135.063] DBG:  20 (L): ACHIEVEMENT_DIFLEVEL_CHIEFTAIN (Taking off the Training Wheels) = Locked
[135.064] DBG:  21 (L): ACHIEVEMENT_DIFLEVEL_WARLORD (The Alexman) = Locked
[135.064] DBG:  22 (L): ACHIEVEMENT_DIFLEVEL_PRINCE (Charming.  Really.) = Locked
[135.065] DBG:  23 (L): ACHIEVEMENT_DIFLEVEL_KING (The Once and Future King) = Locked
[135.066] DBG:  24 (L): ACHIEVEMENT_DIFLEVEL_EMPEROR (The Golden Path) = Locked
[135.066] DBG:  25 (L): ACHIEVEMENT_DIFLEVEL_IMMORTAL (The World Is a Mess, and I Just Need to Rule It) = Locked
[135.067] DBG:  26 (L): ACHIEVEMENT_DIFLEVEL_DEITY (Flawless Strategy) = Locked
[135.068] DBG:  27 (L): ACHIEVEMENT_MAPSIZE_DUEL (It's Just You and Me, Kid) = Locked
[135.068] DBG:  28 (L): ACHIEVEMENT_MAPSIZE_TINY (I Need More Elbow Room) = Locked
[135.069] DBG:  29 (L): ACHIEVEMENT_MAPSIZE_SMALL (Living in Smallville) = Locked
[135.069] DBG:  30 (L): ACHIEVEMENT_MAPSIZE_STANDARD (It's Standard Issue) = Locked
[135.070] DBG:  31 (L): ACHIEVEMENT_MAPSIZE_LARGE (Do You Want to Super Size That?) = Locked
[135.071] DBG:  32 (L): ACHIEVEMENT_MAPSIZE_HUGE (Ruler of the Twelve Colonies ) = Locked
[135.071] DBG:  33 (L): ACHIEVEMENT_MAPTYPE_CONTINENTS (Plate Tectonics) = Locked
[135.072] DBG:  34 (L): ACHIEVEMENT_MAPTYPE_PANGAEA (Going It Old School) = Locked
[135.073] DBG:  35 (L): ACHIEVEMENT_MAPTYPE_ARCHIPELAGO (Island Hopping) = Locked
[135.073] DBG:  36 (L): ACHIEVEMENT_MAPTYPE_EARTH (Battlefield Earth) = Locked
[135.074] DBG:  37 (L): ACHIEVEMENT_MAPS_ALL (Gotta Catch 'Em All) = Locked
[135.074] DBG:  38 (L): ACHIEVEMENT_WIN_MULTIPLAYER (Last Man Standing) = Locked
[135.075] DBG: 39: ERROR: Couldn't retrieve ACHIEVEMENT_HUNDRED_WAR
[135.075] DBG: 40: ERROR: Couldn't retrieve ACHIEVEMENT_CATFIGHT
[135.075] DBG: 41: ERROR: Couldn't retrieve ACHIEVEMENT_MANIFEST_DESTINY
[135.076] DBG:  42 (L): ACHIEVEMENT_CITYSTATE_ALLY (Say Hello to My Little Friend) = Locked
[135.076] DBG:  43 (L): ACHIEVEMENT_CITYSTATE_ANNEX (Neighborhood Bully) = Locked
[135.077] DBG:  44 (L): ACHIEVEMENT_BUILD_WONDER (Engineer) = Locked
[135.078] DBG:  45 (L): ACHIEVEMENT_UNIT_UPGRADE (Harder, Better, Faster, Stronger) = Locked
[135.079] DBG:  46 (L): ACHIEVEMENT_UNIT_PROMOTE (Moving on Up) = Locked
[135.079] DBG:  47 (L): ACHIEVEMENT_DESTROY_CIV (Two Men Enter, One Man Leave) = Locked
[135.080] DBG:  48 (L): ACHIEVEMENT_SECOND_CITY (Second City) = Locked
[135.081] DBG:  49 (L): ACHIEVEMENT_ANCIENT_RUIN (Treasure Hunter) = Locked
[135.081] DBG: 50: ERROR: Couldn't retrieve ACHIEVEMENT_UNIT_20BATTLES
[135.082] DBG:  51 (L): ACHIEVEMENT_ALL_TECHS (We Have the Technology) = Locked
[135.082] DBG:  52 (L): ACHIEVEMENT_ALL_WONDERS (The Wonder Years) = Locked
[135.083] DBG:  53 (L): ACHIEVEMENT_ALL_SOCIAL_POLICIES (Enlightened Ruler) = Locked
[135.083] DBG:  54 (L): ACHIEVEMENT_ALL_UNITS (Model of a Modern Major-General) = Locked
[135.084] DBG:  55 (L): ACHIEVEMENT_GOLDEN_AGE (Peace and Prosperity) = Locked
[135.085] DBG:  56 (L): ACHIEVEMENT_CITY_100CULTURE (City of Lights) = Locked
[135.085] DBG:  57 (L): ACHIEVEMENT_CITY_100SCIENCE (City of Science) = Locked
[135.086] DBG:  58 (L): ACHIEVEMENT_CITY_100GOLD (City of Gold) = Locked
[135.087] DBG:  59 (L): ACHIEVEMENT_PURCHASE_1000TILES (Land Baron) = Locked
[135.087] DBG:  60 (L): ACHIEVEMENT_ONEHITKILL (It's Super Effective) = Locked
[135.087] DBG: 61: ERROR: Couldn't retrieve ACHIEVEMENT_ALL_WAR
[135.088] DBG:  62 (L): ACHIEVEMENT_UNIT_EMBARK (I'm on a Boat!) = Locked
[135.089] DBG:  63 (L): ACHIEVEMENT_100CAMPS (Here Ends the Noble Savage) = Locked
[135.089] DBG: 64: ERROR: Couldn't retrieve ACHIEVEMENT_PEACEFULPLAY
[135.090] DBG:  65 (L): ACHIEVEMENT_SUCK_AT_WONDERS (Seriously?!?) = Locked
[135.090] DBG:  66 (L): ACHIEVEMENT_ONECITY (One to Rule Them All) = Locked
[135.091] DBG:  67 (L): ACHIEVEMENT_VICTORY_SPACE (Go Boldly Where No Man Has Gone Before) = Locked
[135.092] DBG:  68 (L): ACHIEVEMENT_VICTORY_CULTURE (The Best State of a Republic) = Locked
[135.092] DBG:  69 (L): ACHIEVEMENT_VICTORY_DIPLO (The Pen is Mightier) = Locked
[135.093] DBG:  70 (L): ACHIEVEMENT_VICTORY_DOMINATION (Exterminate! Exterminate!) = Locked
[135.093] DBG:  71 (L): ACHIEVEMENT_VICTORY_ALL (To Stand the Test of Time) = Locked
[135.094] DBG:  72 (L): ACHIEVEMENT_DROP_NUKE (I Can Has Nukes?) = Locked
[135.094] DBG: 73: ERROR: Couldn't retrieve ACHIEVEMENT_LOSE_MULTIPLAYER
[135.095] DBG: 74: ERROR: Couldn't retrieve ACHIEVEMENT_SIX_DEGREES
[135.095] DBG:  75 (L): ACHIEVEMENT_EXPERIMENTER (Experimenter) = Locked
[135.096] DBG:  76 (L): ACHIEVEMENT_EXPANSIONIST (Expansionist) = Locked
[135.096] DBG:  77 (L): ACHIEVEMENT_CONNOISSEUR (Connoisseur) = Locked
[135.097] DBG:  78 (L): ACHIEVEMENT_POLICY_LIBERTY (With Liberty and Justice for All) = Locked
[135.098] DBG:  79 (L): ACHIEVEMENT_POLICY_PIETY (Lux Perpetua Luceat Eis) = Locked
[135.098] DBG:  80 (L): ACHIEVEMENT_POLICY_AUTOCRACY (Diplomacy by Other Means) = Locked
[135.099] DBG:  81 (L): ACHIEVEMENT_POLICY_ORDER (With an Iron Fist) = Locked
[135.100] DBG:  82 (L): ACHIEVEMENT_POLICY_TRADITION (Master of the House) = Locked
[135.100] DBG:  83 (L): ACHIEVEMENT_POLICY_HONOR (Death Before Shame) = Locked
[135.101] DBG:  84 (L): ACHIEVEMENT_POLICY_PATRONAGE (Team Player) = Locked
[135.101] DBG:  85 (L): ACHIEVEMENT_POLICY_COMMERCE (Money Doesn't Grow on Trees) = Locked
[135.102] DBG:  86 (L): ACHIEVEMENT_POLICY_RATIONALISM (Eighty-Eight Miles per Hour) = Locked
[135.103] DBG:  87 (L): ACHIEVEMENT_POLICY_FREEDOM (Freedom Isn't Free) = Locked
[135.103] DBG:  88 (L): ACHIEVEMENT_ALL_NATURALWONDER (The Explorer) = Locked
[135.104] DBG: 89: ERROR: Couldn't retrieve ACHIEVEMENT_DEFPACT
[135.104] DBG: 90: ERROR: Couldn't retrieve ACHIEVEMENT_RESEARCHPACT
[135.104] DBG:  91 (L): ACHIEVEMENT_1000ROADS (The Appian Way) = Locked
[135.105] DBG:  92 (L): ACHIEVEMENT_1000MINES (Forty-Niner) = Locked
[135.106] DBG:  93 (L): ACHIEVEMENT_100RESOURCES (Merchant King) = Locked
[135.106] DBG:  94 (L): ACHIEVEMENT_1000TILES (Marco Polo) = Locked
[135.107] DBG:  95 (L): ACHIEVEMENT_ROUND_WORLD (Magellan) = Locked
[135.108] DBG:  96 (L): ACHIEVEMENT_1000FOREST (Paul Bunyan) = Locked
[135.108] DBG:  97 (L): ACHIEVEMENT_1000TEMPLES (God Is Great) = Locked
[135.109] DBG:  98 (L): ACHIEVEMENT_SPECIAL_B17 (Flying Fortress) = Locked
[135.109] DBG:  99 (L): ACHIEVEMENT_SPECIAL_TRADER (Arab Trader) = Locked
[135.110] DBG: 100 (L): ACHIEVEMENT_SPECIAL_GARDENS (Gardens of Lake Texcoco) = Locked
[135.111] DBG: 101 (L): ACHIEVEMENT_SPECIAL_SPHINX (Riddle of the Sphinx) = Locked
[135.111] DBG: 102 (L): ACHIEVEMENT_SPECIAL_MUSKETEERS (Three Musketeers) = Locked
[135.112] DBG: 103 (L): ACHIEVEMENT_SPECIAL_LONGHOUSE (People of the Longhouse) = Locked
[135.113] DBG: 104 (L): ACHIEVEMENT_SPECIAL_BOLLYWOOD (Bollywood) = Locked
[135.113] DBG: 105 (L): ACHIEVEMENT_SPECIAL_KAMIKAZE (Kamikaze Attack) = Locked
[135.114] DBG: 106 (L): ACHIEVEMENT_SPECIAL_ARCHAEMENNID (From Archaemennid to Safavid) = Locked
[135.115] DBG: 107 (L): ACHIEVEMENT_SPECIAL_ROMANROADS (All Roads Lead to Rome) = Locked
[135.115] DBG: 108: ERROR: Couldn't retrieve ACHIEVEMENT_SPECIAL_ELEPHANTBATTLE
[135.116] DBG: 109 (L): ACHIEVEMENT_SPECIAL_SUNTZU (Sun Tzu's Art of War) = Locked
[135.116] DBG: 110 (L): ACHIEVEMENT_SPECIAL_BARBARIANWARLORD (Barbarian Warlord) = Locked
[135.117] DBG: 111 (L): ACHIEVEMENT_SPECIAL_BARBARYPIRATE (Barbary Pirate) = Locked
[135.117] DBG: 112 (L): ACHIEVEMENT_SPECIAL_TOMBRAIDER (Tomb Raider) = Locked
[135.118] DBG: 113 (L): ACHIEVEMENT_SPECIAL_WARCANOE (War Canoe Attack) = Locked
[135.119] DBG: 114 (L): ACHIEVEMENT_SPECIAL_PONY (My Little Pony) = Locked
[135.119] DBG: 115 (L): ACHIEVEMENT_SPECIAL_ARMADA (Ruler of the Seas) = Locked
[135.120] DBG: 116 (L): ACHIEVEMENT_SPECIAL_CONQUEST_WORLD (Conquest of the World) = Locked
[135.120] DBG: 117: ERROR: Couldn't retrieve ACHIEVEMENT_CIVILOPEDIA
[135.121] DBG: 118 (L): ACHIEVEMENT_REALLY_SUCK (He Threw a Car at My Head!) = Locked
[135.121] DBG: 119 (L): ACHIEVEMENT_PSG (Panzer "Shafernator" General) = Locked
[135.122] DBG: 120 (L): ACHIEVEMENT_WIN_NEBUCHADNEZZAR (By the Waters of Babylon) = Locked
[135.123] DBG: 121 (L): ACHIEVEMENT_WIN_GENGHIS (The Golden Horde) = Locked
[135.123] DBG: 122 (L): ACHIEVEMENT_WIN_SCENARIO_01_PRINCE_OR_BELOW (Khan) = Locked
[135.124] DBG: 123 (L): ACHIEVEMENT_WIN_SCENARIO_01_KING (Great Khan) = Locked
[135.125] DBG: 124 (L): ACHIEVEMENT_WIN_SCENARIO_01_EMPEROR (Supreme Khan) = Locked
[135.125] DBG: 125 (L): ACHIEVEMENT_WIN_SCENARIO_01_IMMORTAL (Kublai Khan) = Locked
[135.126] DBG: 126 (L): ACHIEVEMENT_WIN_SCENARIO_01_DEITY (Genghis Khan) = Locked
[135.127] DBG: 127 (L): ACHIEVEMENT_LOSE_SCENARIO_01 (Khaaan!) = Locked
[135.127] DBG: 128 (L): ACHIEVEMENT_WIN_ISABELLA (Nobody Expects the Spanish Inquisition) = Locked
[135.128] DBG: 129 (L): ACHIEVEMENT_WIN_PACHACUTI (King of the Mountain) = Locked
[135.128] DBG: 130 (L): ACHIEVEMENT_SCENARIO_02_WIN_SPAIN (Siglo de Oro) = Locked
[135.129] DBG: 131 (L): ACHIEVEMENT_SCENARIO_02_WIN_FRANCE (Tout le Monde Francophone?) = Locked
[135.130] DBG: 132 (L): ACHIEVEMENT_SCENARIO_02_WIN_ENGLAND (Tea and Crumpets for Everyone) = Locked
[135.130] DBG: 133 (L): ACHIEVEMENT_SCENARIO_02_WIN_INCA (Macho Picchu) = Locked
[135.131] DBG: 134 (L): ACHIEVEMENT_SCENARIO_02_WIN_AZTECS (Huitzilopochtli's Arrow) = Locked
[135.132] DBG: 135 (L): ACHIEVEMENT_SCENARIO_02_WIN_IROQUOIS (League of Extraordinary Hoyanehs) = Locked
[135.132] DBG: 136 (L): ACHIEVEMENT_SCENARIO_02_ROUTE_TO_ORIENT (All Aboard the Orient Express) = Locked
[135.133] DBG: 137 (L): ACHIEVEMENT_SCENARIO_02_DISCOVER_FOUNTAIN (Dr. Heidegger's Experiment) = Locked
[135.134] DBG: 138 (L): ACHIEVEMENT_SCENARIO_02_DISCOVER_EL_DORADO (Raleigh's Road to Riches) = Locked
[135.134] DBG: 139 (L): ACHIEVEMENT_SCENARIO_02_RETURN_TREASURE (Au in the EU) = Locked
[135.135] DBG: 140 (L): ACHIEVEMENT_WIN_KAMEHAMEHA (Law of the Splintered Paddle) = Locked
[135.135] DBG: 141 (L): ACHIEVEMENT_SCENARIO_03_WIN_HIVA (Surviving the Marquesas) = Locked
[135.136] DBG: 142 (L): ACHIEVEMENT_SCENARIO_03_WIN_TAHITI (Bora! Bora! Bora!) = Locked
[135.137] DBG: 143 (L): ACHIEVEMENT_SCENARIO_03_WIN_SAMOA (Head and Shoulders Above the Rest) = Locked
[135.137] DBG: 144 (L): ACHIEVEMENT_SCENARIO_03_WIN_TONGA (Ngata Chance) = Locked
[135.138] DBG: 145 (L): ACHIEVEMENT_SCENARIO_03_FIND_HAWAII (Book 'em Danno!) = Locked
[135.139] DBG: 146 (L): ACHIEVEMENT_SCENARIO_03_FIND_EASTER_ISLAND (Heads Up!) = Locked
[135.139] DBG: 147 (L): ACHIEVEMENT_SCENARIO_03_FIND_CAPTAIN_COOK (Do you have a little Captain in you?) = Locked
[135.140] DBG: 148 (L): ACHIEVEMENT_SCENARIO_03_FIND_AUSTRALIA (This isn't Kansas) = Locked
[135.141] DBG: 149 (L): ACHIEVEMENT_SCENARIO_03_FIND_NEW_ZEALAND (Searching for the Precious) = Locked
[135.141] DBG: 150 (L): ACHIEVEMENT_WIN_BLUETOOTH (Hands Free to Victory!) = Locked
[135.142] DBG: 151 (L): ACHIEVEMENT_SCENARIO_04_BIATHLON (Where's the Biathlon?) = Locked
[135.143] DBG: 152 (L): ACHIEVEMENT_SCENARIO_04_PILLAGE (Pillage, Then Burn) = Locked
[135.143] DBG: 153 (L): ACHIEVEMENT_SCENARIO_04_NORMANDY (Time to Stitch a Tapestry) = Locked
[135.144] DBG: 154 (L): ACHIEVEMENT_SCENARIO_04_WIN_DENMARK (Odin's Chosen Warrior) = Locked
[135.144] DBG: 155 (L): ACHIEVEMENT_SCENARIO_04_WIN_NORWAY (Purple People Eaters) = Locked
[135.145] DBG: 156 (L): ACHIEVEMENT_SCENARIO_04_WIN_ENGLAND (This was their Finest Hour) = Locked
[135.146] DBG: 157 (L): ACHIEVEMENT_SCENARIO_04_BUILD_MOTTE (Fetchez la Vache!) = Locked
[135.146] DBG: 158 (L): ACHIEVEMENT_SCENARIO_04_WIN_EMPEROR (You The Conqueror) = Locked
[135.147] DBG: 159 (L): ACHIEVEMENT_SCENARIO_04_WIN_IMMORTAL (Surviving Domesday) = Locked
[135.148] DBG: 160 (L): ACHIEVEMENT_SCENARIO_04_WIN_DEITY (Surviving Ragnarok) = Locked
[135.148] DBG: 161 (L): ACHIEVEMENT_WIN_SEJONG (The Choson One) = Locked
[135.149] DBG: 162 (L): ACHIEVEMENT_SPECIAL_IRONCLAD_TURTLE (Turtle Power) = Locked
[135.149] DBG: 163: ERROR: Couldn't retrieve ACHIEVEMENT_SPECIAL_HWATCH_OUT
[135.150] DBG: 164 (L): ACHIEVEMENT_SCENARIO_05_WIN_JAPAN (Samurai Delicatessen) = Locked
[135.150] DBG: 165 (L): ACHIEVEMENT_SCENARIO_05_WIN_KOREA (Fear the Turtle) = Locked
[135.151] DBG: 166 (L): ACHIEVEMENT_SCENARIO_05_WIN_CHINA (Yow Ming!) = Locked
[135.152] DBG: 167 (L): ACHIEVEMENT_SCENARIO_05_WIN_MANCHU (Emperor Fu Manchu) = Locked
[135.152] DBG: 168 (L): ACHIEVEMENT_SCENARIO_05_LOSE_KOREA (Taekwon-DOH!) = Locked
[135.153] DBG: 169 (L): ACHIEVEMENT_SCENARIO_05_WIN_EMPEROR (Dragon Emperor) = Locked
[135.153] DBG: 170 (L): ACHIEVEMENT_SCENARIO_05_WIN_IMMORTAL (A Righteous Victory) = Locked
[135.154] DBG: 171 (L): ACHIEVEMENT_SCENARIO_05_WIN_DEITY (Honoring the Ancestors) = Locked
[135.155] DBG: 172 (L): ACHIEVEMENT_SCENARIO_05_WIN_100TURNS (Seoul Power) = Locked
[135.155] DBG: 173: ERROR: Couldn't retrieve ACHIEVEMENT_SCENARIO_05_QING_TAKES_MING
[135.156] DBG: 174 (L): ACHIEVEMENT_SPECIAL_ROME_GETS_ZEUS (Zeupiter) = Locked
[135.156] DBG: 175 (L): ACHIEVEMENT_SPECIAL_ZEUS_AND_ARTEMIS (Bolt and Arrow) = Locked
[135.157] DBG: 176 (L): ACHIEVEMENT_SPECIAL_HALICARNASSUS_GOLD (Rest in Gold Pieces) = Locked
[135.157] DBG: 177: ERROR: Couldn't retrieve ACHIEVEMENT_SPECIAL_ANCIENT_WONDERS
[135.158] DBG: 178 (L): ACHIEVEMENT_SCENARIO_06_WIN_HITTITES (Party in hattUSA) = Locked
[135.158] DBG: 179 (L): ACHIEVEMENT_SCENARIO_06_WIN_GREECE (Grecian Formula) = Locked
[135.159] DBG: 180 (L): ACHIEVEMENT_SCENARIO_06_WIN_SUMER (Epic Gilgamesh) = Locked
[135.160] DBG: 181 (L): ACHIEVEMENT_SCENARIO_06_WIN_EGYPT (Ra's Mighty Truth) = Locked
[135.160] DBG: 182 (L): ACHIEVEMENT_SCENARIO_06_WIN_PERSIA (It satrap!) = Locked
[135.161] DBG: 183 (L): ACHIEVEMENT_SCENARIO_06_WIN_PRINCE (Thoughtful Telemachus) = Locked
[135.162] DBG: 184 (L): ACHIEVEMENT_SCENARIO_06_WIN_KING (Odysseus the Great Tactician) = Locked
[135.162] DBG: 185 (L): ACHIEVEMENT_SCENARIO_06_WIN_EMPEROR (Far-Shooting Apollo) = Locked
[135.163] DBG: 186 (L): ACHIEVEMENT_SCENARIO_06_WIN_IMMORTAL (Bright-Eyed Athena) = Locked
[135.163] DBG: 187 (L): ACHIEVEMENT_SCENARIO_06_WIN_DEITY (All-Achieving Zeus) = Locked
[135.164] DBG: 188 (L): ACHIEVEMENT_SCENARIO_06_WONDER_CITY (Wonderwall) = Locked
[135.165] DBG: 189 (L): ACHIEVEMENT_SCENARIO_06_WONDER_CONQUEST (Reverse Engineer) = Locked
[135.165] DBG: 190 (L): ACHIEVEMENT_SCENARIO_06_ORACLE_CONSULT (Know Thy Enemy) = Locked
[135.166] DBG: 191 (L): ACHIEVEMENT_XP1_01 (Austrian Succession) = Locked
[135.167] DBG: 192 (L): ACHIEVEMENT_XP1_02 (Dancer, Actress, Empress, Victor) = Locked
[135.167] DBG: 193 (L): ACHIEVEMENT_XP1_03 (No White Flag Here) = Locked
[135.168] DBG: 194 (L): ACHIEVEMENT_XP1_04 (Celtic Thunder) = Locked
[135.168] DBG: 195 (L): ACHIEVEMENT_XP1_05 (Colonize This!) = Locked
[135.169] DBG: 196 (L): ACHIEVEMENT_XP1_06 (Scourge of Everyone) = Locked
[135.170] DBG: 197 (L): ACHIEVEMENT_XP1_07 (Baktun the Future) = Locked
[135.170] DBG: 198 (L): ACHIEVEMENT_XP1_08 (Silent No More) = Locked
[135.171] DBG: 199 (L): ACHIEVEMENT_XP1_09 (Defender of the Faith) = Locked
[135.172] DBG: 200 (L): ACHIEVEMENT_XP1_10 (Gad Zeus!) = Locked
[135.172] DBG: 201 (L): ACHIEVEMENT_XP1_11 (Propheteering) = Locked
[135.173] DBG: 202 (L): ACHIEVEMENT_XP1_12 (Sticky Fingers) = Locked
[135.174] DBG: 203 (L): ACHIEVEMENT_XP1_13 (Junta for Red October) = Locked
[135.174] DBG: 204 (L): ACHIEVEMENT_XP1_14 (Smooth Talking) = Locked
[135.175] DBG: 205 (L): ACHIEVEMENT_XP1_15 (Whack a Mole) = Locked
[135.175] DBG: 206 (L): ACHIEVEMENT_XP1_16 (Access Denied) = Locked
[135.176] DBG: 207 (L): ACHIEVEMENT_XP1_17 (Missionary Man) = Locked
[135.177] DBG: 208 (L): ACHIEVEMENT_XP1_18 (Holier Than Thou) = Locked
[135.177] DBG: 209 (L): ACHIEVEMENT_XP1_19 (We are Family) = Locked
[135.178] DBG: 210 (L): ACHIEVEMENT_XP1_20 (Indoctrinated!) = Locked
[135.179] DBG: 211 (L): ACHIEVEMENT_XP1_21 (Renaissance Man) = Locked
[135.179] DBG: 212 (L): ACHIEVEMENT_XP1_22 (Et tu, Brute) = Locked
[135.180] DBG: 213 (L): ACHIEVEMENT_XP1_23 (Modern Major-General) = Locked
[135.180] DBG: 214 (L): ACHIEVEMENT_XP1_24 (Nobody expects...) = Locked
[135.181] DBG: 215 (L): ACHIEVEMENT_XP1_25 (From Russia with Love) = Locked
[135.182] DBG: 216 (L): ACHIEVEMENT_XP1_26 (The Last Crusade) = Locked
[135.182] DBG: 217 (L): ACHIEVEMENT_XP1_27 (Holy Father) = Locked
[135.183] DBG: 218 (L): ACHIEVEMENT_XP1_28 (Capture of Brielle) = Locked
[135.184] DBG: 219 (L): ACHIEVEMENT_XP1_29 (Hannibal’s Crossing) = Locked
[135.184] DBG: 220 (L): ACHIEVEMENT_XP1_30 (RAM Usage) = Locked
[135.185] DBG: 221 (L): ACHIEVEMENT_XP1_31 (Lion of the North) = Locked
[135.186] DBG: 222 (L): ACHIEVEMENT_XP1_32 (Rastafari Messiah) = Locked
[135.186] DBG: 223 (L): ACHIEVEMENT_XP1_33 (Greek Fire) = Locked
[135.187] DBG: 224 (L): ACHIEVEMENT_XP1_34 (Longest. Name. Ever.) = Locked
[135.187] DBG: 225 (L): ACHIEVEMENT_XP1_35 (Yoink!) = Locked
[135.188] DBG: 226 (L): ACHIEVEMENT_XP1_36 (Apocalypse Now) = Locked
[135.189] DBG: 227 (L): ACHIEVEMENT_XP1_37 (Intelligence Network) = Locked
[135.189] DBG: 228 (L): ACHIEVEMENT_XP1_38 (Gimme Your Lunch Money!) = Locked
[135.190] DBG: 229 (L): ACHIEVEMENT_XP1_39 (Richard the Lionheart) = Locked
[135.191] DBG: 230 (L): ACHIEVEMENT_XP1_40 (Mehmet the Conqueror) = Locked
[135.191] DBG: 231 (L): ACHIEVEMENT_XP1_41 (Never take our freedom!) = Locked
[135.192] DBG: 232 (L): ACHIEVEMENT_XP1_42 (The Yokes on the Mongols) = Locked
[135.192] DBG: 233 (L): ACHIEVEMENT_XP1_43 (Reconquista Who?) = Locked
[135.193] DBG: 234 (L): ACHIEVEMENT_XP1_44 (Quite Accomplished) = Locked
[135.194] DBG: 235 (L): ACHIEVEMENT_XP1_45 (Gentlemen's Agreement) = Locked
[135.194] DBG: 236 (L): ACHIEVEMENT_XP1_46 (Sky Admiral) = Locked
[135.195] DBG: 237 (L): ACHIEVEMENT_XP1_47 (Turks Shmurks!) = Locked
[135.196] DBG: 238 (L): ACHIEVEMENT_XP1_48 (Double KO) = Locked
[135.196] DBG: 239: ERROR: Couldn't retrieve ACHIEVEMENT_XP1_49
[135.197] DBG: 240 (L): ACHIEVEMENT_XP1_50 (Pax Romana Aeternum) = Locked
[135.197] DBG: 241 (L): ACHIEVEMENT_XP1_51 (I Missed That Day in History Class) = Locked
[135.198] DBG: 242 (L): ACHIEVEMENT_XP1_52 (I Sunk Your Imperial Capital!) = Locked
[135.198] DBG: 243 (L): ACHIEVEMENT_XP2_01 (Tablet Tech Pioneer) = Locked
[135.199] DBG: 244 (L): ACHIEVEMENT_XP2_02 (Pedro's Party People) = Locked
[135.200] DBG: 245 (L): ACHIEVEMENT_XP2_03 (The Java Script) = Locked
[135.200] DBG: 246 (L): ACHIEVEMENT_XP2_04 (This Desert Life) = Locked
[135.201] DBG: 247 (L): ACHIEVEMENT_XP2_05 (King of the Wisent) = Locked
[135.202] DBG: 248 (L): ACHIEVEMENT_XP2_06 (In Hoc Signo Vinces) = Locked
[135.202] DBG: 249 (L): ACHIEVEMENT_XP2_07 (The Great Spirit) = Locked
[135.203] DBG: 250 (L): ACHIEVEMENT_XP2_08 (Queen of the Adriatic) = Locked
[135.203] DBG: 251 (L): ACHIEVEMENT_XP2_09 (Wanna Be the King of the Zulus) = Locked
[135.204] DBG: 252 (L): ACHIEVEMENT_XP2_10 (One Small Step) = Locked
[135.205] DBG: 253 (L): ACHIEVEMENT_XP2_11 (Yuri-ka!) = Locked
[135.206] DBG: 254 (L): ACHIEVEMENT_XP2_12 (Rocking in the Free World) = Locked
[135.206] DBG: 255 (L): ACHIEVEMENT_XP2_13 (Workers of the World - Unite!) = Locked
[135.207] DBG: 256 (L): ACHIEVEMENT_XP2_14 (Strength Through Joy) = Locked
[135.208] DBG: 257 (L): ACHIEVEMENT_XP2_15 (Games Without Frontiers) = Locked
[135.208] DBG: 258 (L): ACHIEVEMENT_XP2_16 (Axis Powered) = Locked
[135.209] DBG: 259 (L): ACHIEVEMENT_XP2_17 (Better Red Than Dead) = Locked
[135.209] DBG: 260 (L): ACHIEVEMENT_XP2_18 (Everybody Wants to Rule the World) = Locked
[135.210] DBG: 261 (L): ACHIEVEMENT_XP2_19 (Knowledge is Power) = Locked
[135.211] DBG: 262 (L): ACHIEVEMENT_XP2_20 (Vote for Pedro) = Locked
[135.211] DBG: 263 (L): ACHIEVEMENT_XP2_21 (Enemy Blade No More) = Locked
[135.212] DBG: 264 (L): ACHIEVEMENT_XP2_22 (Here's Looking at You, Kid) = Locked
[135.212] DBG: 265 (L): ACHIEVEMENT_XP2_23 (Poland Can into Space) = Locked
[135.213] DBG: 266 (L): ACHIEVEMENT_XP2_24 (What's Yours is Mine) = Locked
[135.214] DBG: 267 (L): ACHIEVEMENT_XP2_25 (Sacagawea's Legacy) = Locked
[135.214] DBG: 268 (L): ACHIEVEMENT_XP2_26 (The Great Betrayal) = Locked
[135.215] DBG: 269 (L): ACHIEVEMENT_XP2_27 (Run 50 Miles and Fight a Battle) = Locked
[135.216] DBG: 270 (L): ACHIEVEMENT_XP2_28 (Highway Robbery) = Locked
[135.216] DBG: 271 (L): ACHIEVEMENT_XP2_29 (Silk Road) = Locked
[135.217] DBG: 272 (L): ACHIEVEMENT_XP2_30 (Greed is Good) = Locked
[135.218] DBG: 273 (L): ACHIEVEMENT_XP2_31 (Built in (Almost) a Day) = Locked
[135.218] DBG: 274 (L): ACHIEVEMENT_XP2_32 (Merchant Prince) = Locked
[135.219] DBG: 275 (L): ACHIEVEMENT_XP2_33 (Raiders of the Lost Ark) = Locked
[135.220] DBG: 276 (L): ACHIEVEMENT_XP2_34 (Losing My Marbles) = Locked
[135.220] DBG: 277 (L): ACHIEVEMENT_XP2_35 (It Belongs in a Museum) = Locked
[135.221] DBG: 278 (L): ACHIEVEMENT_XP2_36 (British Invasion) = Locked
[135.221] DBG: 279 (L): ACHIEVEMENT_XP2_37 (Rock the Kasbah) = Locked
[135.222] DBG: 280 (L): ACHIEVEMENT_XP2_38 (Radio Free Europe) = Locked
[135.223] DBG: 281 (L): ACHIEVEMENT_XP2_39 (Tear Down this Wall!) = Locked
[135.223] DBG: 282 (L): ACHIEVEMENT_XP2_40 (Pyramid Scheme) = Locked
[135.224] DBG: 283 (L): ACHIEVEMENT_XP2_41 (Lingua Franca) = Locked
[135.224] DBG: 284 (L): ACHIEVEMENT_XP2_42 (Flip-Flop) = Locked
[135.225] DBG: 285 (L): ACHIEVEMENT_XP2_43 (Dark Horse) = Locked
[135.226] DBG: 286 (L): ACHIEVEMENT_XP2_44 (Herculean Effort) = Locked
[135.226] DBG: 287 (L): ACHIEVEMENT_XP2_45 (Soma Tablets for Everyone) = Locked
[135.227] DBG: 288 (L): ACHIEVEMENT_XP2_46 (That's XCOM baby!) = Locked
[135.228] DBG: 289 (L): ACHIEVEMENT_XP2_47 (Legends of the Hidden Temple) = Locked
[135.228] DBG: 290 (L): ACHIEVEMENT_XP2_48 (Artistic License) = Locked
[135.229] DBG: 291 (L): ACHIEVEMENT_XP2_49 (I Prefer my Africa Scrambled) = Locked
[135.229] DBG: 292 (L): ACHIEVEMENT_XP2_50 (Praise the Victories) = Locked
[135.230] DBG: 293 (L): ACHIEVEMENT_XP2_51 (Ottoman Carpentry) = Locked
[135.231] DBG: 294 (L): ACHIEVEMENT_XP2_52 (Dr Livingstone I presume?) = Locked
[135.231] DBG: 295 (L): ACHIEVEMENT_XP2_53 (The Rhodes Colossus) = Locked
[135.232] DBG: 296 (L): ACHIEVEMENT_XP2_54 (Nigerian Bank Account) = Locked
[135.233] DBG: 297 (L): ACHIEVEMENT_XP2_55 (Discoverer) = Locked
[135.233] DBG: 298 (L): ACHIEVEMENT_XP2_56 (Glory, glory, hallelujah!) = Locked
[135.234] DBG: 299 (L): ACHIEVEMENT_XP2_57 (Standing like a Stone Wall) = Locked
[135.235] DBG: 300 (L): ACHIEVEMENT_XP2_58 (Red Badge of Courage) = Locked
[135.235] DBG: 301 (L): ACHIEVEMENT_XP2_59 (Pickett's Recharge) = Locked
[135.236] DBG: 302 (L): ACHIEVEMENT_XP2_60 (Sheridan's Valley Campaign) = Locked
[135.236] DBG: Achievements Unlocked: 0 of 303
[135.236] DBG: ** Statistics (137 Total) *****************************************
[135.236] DBG: ******************************************************************
[135.236] DBG: Steam Stat: ESTEAMSTAT_TOTAL_WINS = 0
[135.236] DBG: Steam Stat: ESTEAMSTAT_ARCHER = 0
[135.237] DBG: Steam Stat: ESTEAMSTAT_CHARIOTARCHER = 0
[135.237] DBG: Steam Stat: ESTEAMSTAT_HOPLITE = 0
[135.237] DBG: Steam Stat: ESTEAMSTAT_IMMORTAL = 0
[135.237] DBG: Steam Stat: ESTEAMSTAT_JAGUAR = 0
[135.237] DBG: Steam Stat: ESTEAMSTAT_SCOUT = 0
[135.238] DBG: Steam Stat: ESTEAMSTAT_SETTLER = 0
[135.238] DBG: Steam Stat: ESTEAMSTAT_SPEARMAN = 0
[135.238] DBG: Steam Stat: ESTEAMSTAT_TRIREME = 0
[135.238] DBG: Steam Stat: ESTEAMSTAT_WARCHARIOT = 0
[135.239] DBG: Steam Stat: ESTEAMSTAT_WARELEPHANT = 0
[135.239] DBG: Steam Stat: ESTEAMSTAT_WARRIOR = 0
[135.239] DBG: Steam Stat: ESTEAMSTAT_WORKBOAT = 0
[135.239] DBG: Steam Stat: ESTEAMSTAT_WORKER = 0
[135.240] DBG: Steam Stat: ESTEAMSTAT_BALLISTA = 0
[135.240] DBG: Steam Stat: ESTEAMSTAT_CATAPULT = 0
[135.240] DBG: Steam Stat: ESTEAMSTAT_COMPANIONCAVALRY = 0
[135.240] DBG: Steam Stat: ESTEAMSTAT_HORSEMAN = 0
[135.240] DBG: Steam Stat: ESTEAMSTAT_LEGION = 0
[135.241] DBG: Steam Stat: ESTEAMSTAT_MOHAWKWARRIOR = 0
[135.241] DBG: Steam Stat: ESTEAMSTAT_SWORDSMAN = 0
[135.241] DBG: Steam Stat: ESTEAMSTAT_CAMELARCHER = 0
[135.241] DBG: Steam Stat: ESTEAMSTAT_CHUKONU = 0
[135.242] DBG: Steam Stat: ESTEAMSTAT_CROSSBOWMAN = 0
[135.242] DBG: Steam Stat: ESTEAMSTAT_KNIGHT = 0
[135.242] DBG: Steam Stat: ESTEAMSTAT_LANDSKNECHT = 0
[135.242] DBG: Steam Stat: ESTEAMSTAT_LONGBOWMAN = 0
[135.242] DBG: Steam Stat: ESTEAMSTAT_LONGSWORDSMAN = 0
[135.243] DBG: Steam Stat: ESTEAMSTAT_MANDEKALUCAVALRY = 0
[135.243] DBG: Steam Stat: ESTEAMSTAT_PIKEMAN = 0
[135.243] DBG: Steam Stat: ESTEAMSTAT_NARESUANSELEPHANT = 0
[135.243] DBG: Steam Stat: ESTEAMSTAT_SAMURAI = 0
[135.244] DBG: Steam Stat: ESTEAMSTAT_TREBUCHET = 0
[135.244] DBG: Steam Stat: ESTEAMSTAT_CANNON = 0
[135.244] DBG: Steam Stat: ESTEAMSTAT_CARAVEL = 0
[135.244] DBG: Steam Stat: ESTEAMSTAT_COSSACK = 0
[135.244] DBG: Steam Stat: ESTEAMSTAT_FRIGATE = 0
[135.245] DBG: Steam Stat: ESTEAMSTAT_JANISSARY = 0
[135.245] DBG: Steam Stat: ESTEAMSTAT_LANCER = 0
[135.245] DBG: Steam Stat: ESTEAMSTAT_MINUTEMAN = 0
[135.245] DBG: Steam Stat: ESTEAMSTAT_MUSKETEER = 0
[135.246] DBG: Steam Stat: ESTEAMSTAT_MUSKETMAN = 0
[135.246] DBG: Steam Stat: ESTEAMSTAT_RIFLEMAN = 0
[135.246] DBG: Steam Stat: ESTEAMSTAT_SHIPOFTHELINE = 0
[135.246] DBG: Steam Stat: ESTEAMSTAT_SIPAHI = 0
[135.246] DBG: Steam Stat: ESTEAMSTAT_ANTIAIRCRAFTGUN = 0
[135.247] DBG: Steam Stat: ESTEAMSTAT_ANTITANKGUN = 0
[135.247] DBG: Steam Stat: ESTEAMSTAT_ARTILLERY = 0
[135.247] DBG: Steam Stat: ESTEAMSTAT_BATTLESHIP = 0
[135.247] DBG: Steam Stat: ESTEAMSTAT_CARRIER = 0
[135.248] DBG: Steam Stat: ESTEAMSTAT_DESTROYER = 0
[135.248] DBG: Steam Stat: ESTEAMSTAT_FIGHTER = 0
[135.248] DBG: Steam Stat: ESTEAMSTAT_FOREIGNLEGION = 0
[135.248] DBG: Steam Stat: ESTEAMSTAT_INFANTRY = 0
[135.248] DBG: Steam Stat: ESTEAMSTAT_IRONCLAD = 0
[135.249] DBG: Steam Stat: ESTEAMSTAT_PANZER = 0
[135.249] DBG: Steam Stat: ESTEAMSTAT_SUBMARINE = 0
[135.249] DBG: Steam Stat: ESTEAMSTAT_TANK = 0
[135.249] DBG: Steam Stat: ESTEAMSTAT_ZERO = 0
[135.250] DBG: Steam Stat: ESTEAMSTAT_ATOMICBOMB = 0
[135.250] DBG: Steam Stat: ESTEAMSTAT_B17 = 0
[135.250] DBG: Steam Stat: ESTEAMSTAT_BOMBER = 0
[135.250] DBG: Steam Stat: ESTEAMSTAT_GUIDEDMISSILE = 0
[135.251] DBG: Steam Stat: ESTEAMSTAT_HELICOPTERGUNSHIP = 0
[135.251] DBG: Steam Stat: ESTEAMSTAT_JETFIGHTER = 0
[135.251] DBG: Steam Stat: ESTEAMSTAT_MECHANIZEDINFANTRY = 0
[135.251] DBG: Steam Stat: ESTEAMSTAT_MISSILECRUISER = 0
[135.251] DBG: Steam Stat: ESTEAMSTAT_MOBILESAM = 0
[135.252] DBG: Steam Stat: ESTEAMSTAT_MODERNARMOR = 0
[135.252] DBG: Steam Stat: ESTEAMSTAT_NUCLEARMISSILE = 0
[135.252] DBG: Steam Stat: ESTEAMSTAT_NUCLEARSUBMARINE = 0
[135.252] DBG: Steam Stat: ESTEAMSTAT_PARATROOPER = 0
[135.253] DBG: Steam Stat: ESTEAMSTAT_ROCKETARTILLERY = 0
[135.253] DBG: Steam Stat: ESTEAMSTAT_SSBOOSTER = 0
[135.253] DBG: Steam Stat: ESTEAMSTAT_SSCOCKPIT = 0
[135.253] DBG: Steam Stat: ESTEAMSTAT_STEALTHBOMBER = 0
[135.254] DBG: Steam Stat: ESTEAMSTAT_GIANTDEATHROBOT = 0
[135.254] DBG: Steam Stat: ESTEAMSTAT_SSENGINE = 0
[135.254] DBG: Steam Stat: ESTEAMSTAT_SSSTASISCHAMBER = 0
[135.254] DBG: Steam Stat: ESTEAMSTAT_ANGKORWAT = 0
[135.255] DBG: Steam Stat: ESTEAMSTAT_BIGBEN = 0
[135.255] DBG: Steam Stat: ESTEAMSTAT_BRANDENBURGGATE = 0
[135.255] DBG: Steam Stat: ESTEAMSTAT_CHICHENITZA = 0
[135.255] DBG: Steam Stat: ESTEAMSTAT_CRISTOREDENTOR = 0
[135.255] DBG: Steam Stat: ESTEAMSTAT_EIFFELTOWER = 0
[135.256] DBG: Steam Stat: ESTEAMSTAT_HIMEJICASTLE = 0
[135.256] DBG: Steam Stat: ESTEAMSTAT_MACHUPICCHU = 0
[135.256] DBG: Steam Stat: ESTEAMSTAT_NOTREDAME = 0
[135.256] DBG: Steam Stat: ESTEAMSTAT_PENTAGON = 0
[135.257] DBG: Steam Stat: ESTEAMSTAT_SISTINECHAPEL = 0
[135.257] DBG: Steam Stat: ESTEAMSTAT_STATUEOFLIBERTY = 0
[135.257] DBG: Steam Stat: ESTEAMSTAT_STONEHENGE = 0
[135.257] DBG: Steam Stat: ESTEAMSTAT_SYDNEYOPERAHOUSE = 0
[135.257] DBG: Steam Stat: ESTEAMSTAT_TAJMAHAL = 0
[135.258] DBG: Steam Stat: ESTEAMSTAT_COLOSSUS = 0
[135.258] DBG: Steam Stat: ESTEAMSTAT_FORBIDDENPALACE = 0
[135.258] DBG: Steam Stat: ESTEAMSTAT_GREATLIBRARY = 0
[135.258] DBG: Steam Stat: ESTEAMSTAT_GREATLIGHTHOUSE = 0
[135.259] DBG: Steam Stat: ESTEAMSTAT_GREATWALL = 0
[135.259] DBG: Steam Stat: ESTEAMSTAT_HAGIASOPHIA = 0
[135.259] DBG: Steam Stat: ESTEAMSTAT_HANGINGGARDENS = 0
[135.259] DBG: Steam Stat: ESTEAMSTAT_KREMLIN = 0
[135.260] DBG: Steam Stat: ESTEAMSTAT_LOUVRE = 0
[135.260] DBG: Steam Stat: ESTEAMSTAT_ORACLE = 0
[135.260] DBG: Steam Stat: ESTEAMSTAT_PORCELAINTOWER = 0
[135.260] DBG: Steam Stat: ESTEAMSTAT_PYRAMIDS = 0
[135.260] DBG: Steam Stat: ESTEAMSTAT_UNITEDNATION = 0
[135.261] DBG: Steam Stat: ESTEAMSTAT_HERMITAGE = 0
[135.261] DBG: Steam Stat: ESTEAMSTAT_HEROICEPIC = 0
[135.261] DBG: Steam Stat: ESTEAMSTAT_IRONWORKS = 0
[135.261] DBG: Steam Stat: ESTEAMSTAT_NATIONALCOLLEGE = 0
[135.262] DBG: Steam Stat: ESTEAMSTAT_NATIONALEPIC = 0
[135.262] DBG: Steam Stat: ESTEAMSTAT_OXFORDUNIVERSITY = 0
[135.262] DBG: Steam Stat: ESTEAMSTAT_BARBARIANCAMPS = 0
[135.262] DBG: Steam Stat: ESTEAMSTAT_BEATWONDERS = 0
[135.263] DBG: Steam Stat: ESTEAMSTAT_NATURALWONDERS = 0
[135.263] DBG: Steam Stat: ESTEAMSTAT_ROADS = 0
[135.263] DBG: Steam Stat: ESTEAMSTAT_MINES = 0
[135.263] DBG: Steam Stat: ESTEAMSTAT_RESOURCESTRADED = 0
[135.263] DBG: Steam Stat: ESTEAMSTAT_FORESTS = 0
[135.264] DBG: Steam Stat: ESTEAMSTAT_TEMPLES = 0
[135.264] DBG: Steam Stat: ESTEAMSTAT_PEDIA = 0
[135.264] DBG: Steam Stat: ESTEAMSTAT_GREATGENERALS = 0
[135.264] DBG: Steam Stat: ESTEAMSTAT_STANDINGARMY = 0
[135.265] DBG: Steam Stat: ESTEAMSTAT_CAVALRY = 0
[135.265] DBG: Steam Stat: ESTEAMSTAT_TILESPURCHASED = 0
[135.265] DBG: Steam Stat: ESTEAMSTAT_TILESDISCOVERED = 0
[135.265] DBG: Steam Stat: ESTEAMSTAT_BARBSCONVERTED = 0
[135.266] DBG: Steam Stat: ESTEAMSTAT_BRITISHNAVY = 0
[135.266] DBG: Steam Stat: ESTEAMSTAT_BARBSNAVALCONVERTED = 0
[135.266] DBG: Steam Stat: ESTEAMSTAT_HWACHAKILLS = 0
[135.266] DBG: Steam Stat: ESTEAMSTAT_STATUEOFZEUS = 0
[135.266] DBG: Steam Stat: ESTEAMSTAT_TEMPLEOFARTEMIS = 0
[135.267] DBG: Steam Stat: ESTEAMSTAT_MAUSOLEUMOFHALICARNASSUS = 0
[135.267] DBG: Steam Stat: ESTEAMSTAT_HALICARNASSUSGOLDEARNED = 0
[135.267] DBG: Steam Stat: ESTEAMSTAT_BULLIEDGOLD = 0
