[133.988] DBG: SystemInit: DistanceFog_System::Startup(): 1 Milliseconds
[133.988] DBG: SystemInit: ColorKey_System::Startup(): 60 Milliseconds
[133.988] DBG: SystemInit: GameSplineDatabase::Startup(): 0 Milliseconds
[133.988] DBG: SystemInit: RiverVisSystem::Startup(): 0 Milliseconds
[133.988] DBG: SystemInit: Unit_System::Startup(): 19623 Milliseconds
[133.988] DBG: SystemInit: Overlay_System::Startup(): 65 Milliseconds
[133.988] DBG: SystemInit: Arrow_System::Startup(): 4 Milliseconds
[133.988] DBG: SystemInit: MovementPathSystem::Startup(): 134 Milliseconds
[133.988] DBG: SystemInit: Decal_System::Startup(): 0 Milliseconds
[133.988] DBG: SystemInit: FluidFOW_System::Startup(): 28 Milliseconds
[133.988] DBG: SystemInit: FOW_System::Startup(): 0 Milliseconds
[133.988] DBG: SystemInit: City_System::Startup(): 3991 Milliseconds
[133.988] DBG: SystemInit: LandmarkSystem::Startup(): 12932 Milliseconds
[133.988] DBG: SystemInit: Forest_System::Startup(): 117 Milliseconds
[133.988] DBG: SystemInit: Particle_System::Startup(): 863 Milliseconds
[133.988] DBG: SystemInit: Wave_System::Startup(): 3 Milliseconds
[133.988] DBG: SystemInit: MiniMap_System::Startup(): 30 Milliseconds
[133.988] DBG: SystemInit: TerrainSystem::Startup(): 1956 Milliseconds
[133.988] DBG: SystemInit: LeaderHead_System::Startup(): 15 Milliseconds
[133.988] DBG: SystemInit: Combat_System::Startup(): 0 Milliseconds
[133.988] DBG: SystemInit: StrategicView::Startup(): 605 Milliseconds
[133.988] DBG: SystemInit: AudioSimSystem::Startup(): 0 Milliseconds
