[362533.594] , Colors, 0.002236
[362533.597] , PlayerColors, 0.002700
[362533.598] , InterfaceModes, 0.001117
[362533.605] , AICityStrategies, 0.007060
[362533.614] , AIEconomicStrategies, 0.009122
[362533.616] , AIGrandStrategies, 0.001404
[362533.622] , AIMilitaryStrategies, 0.006459
[362533.625] , CitySpecializations, 0.002393
[362533.626] , TacticalMoves, 0.001412
[362533.627] , UnitAIInfos, 0.000624
[362533.628] , UnitCombatInfos, 0.000509
[362533.637] , BuildingClasses, 0.009237
[362533.945] , Buildings, 0.308193
[362533.946] , EmphasizeInfos, 0.000525
[362533.947] , Eras, 0.000867
[362533.947] , GameOptions, 0.000557
[362533.948] , GameSpeeds, 0.000932
[362533.953] , HandicapInfos, 0.005185
[362533.954] , HurryInfos, 0.000139
[362533.954] , MultiplayerOptions, 0.000144
[362533.954] , PlayerOptions, 0.000274
[362534.087] , Policies, 0.133168
[362534.088] , PolicyBranchTypes, 0.001100
[362534.089] , Processes, 0.000504
[362534.092] , Projects, 0.002775
[362534.092] , SmallAwards, 0.000083
[362534.095] , Specialists, 0.002937
[362534.095] , Victories, 0.000451
[362534.096] , Votes, 0.000292
[362534.096] , VoteSources, 0.000156
[362534.096] , Domains, 0.000134
[362534.128] , Leaders, 0.031401
[362534.128] , Routes, 0.000749
[362534.129] , Notifications, 0.000578
[362534.214] , Technologies, 0.084915
[362534.223] , Features, 0.008924
[362534.255] , Improvements, 0.031746
[362534.255] , ResourceClasses, 0.000116
[362534.271] , Resources, 0.016330
[362534.274] , Terrains, 0.002131
[362534.274] , Yields, 0.000270
[362534.274] , Automates, 0.000288
[362534.289] , Builds, 0.015210
[362534.290] , Commands, 0.000566
[362534.292] , Controls, 0.001633
[362534.296] , EntityEvents, 0.003887
[362534.298] , Missions, 0.002177
[362534.302] , MultiUnitFormations, 0.004156
[362534.303] , SpecialUnits, 0.000977
[362534.305] , UnitClasses, 0.001468
[362534.451] , UnitPromotions, 0.146080
[362534.666] , Units, 0.215032
[362534.750] , Civilizations, 0.084319
[362534.760] , MinorCivilizations, 0.009557
[362534.792] , Traits, 0.031611
[362534.792] , Religions, 0.000286
[362534.873] , Beliefs, 0.080500
[362534.875] , PrefetchGameData, 1.283895
[362534.875] , UpdatePlayableCivilizationCounts, 0.000006
[362534.876] , SetGlobalActionInfo, 0.000462
[362535.109] , Colors, 0.002301
[362535.111] , PlayerColors, 0.002698
[362535.113] , InterfaceModes, 0.001195
[362535.119] , AICityStrategies, 0.006051
[362535.128] , AIEconomicStrategies, 0.009009
[362535.129] , AIGrandStrategies, 0.001042
[362535.135] , AIMilitaryStrategies, 0.006502
[362535.137] , CitySpecializations, 0.002122
[362535.138] , TacticalMoves, 0.000694
[362535.139] , UnitAIInfos, 0.000726
[362535.139] , UnitCombatInfos, 0.000236
[362535.148] , BuildingClasses, 0.008272
[362535.447] , Buildings, 0.299623
[362535.448] , EmphasizeInfos, 0.000590
[362535.449] , Eras, 0.000953
[362535.450] , GameOptions, 0.000574
[362535.450] , GameSpeeds, 0.000946
[362535.456] , HandicapInfos, 0.004972
[362535.456] , HurryInfos, 0.000137
[362535.456] , MultiplayerOptions, 0.000150
[362535.456] , PlayerOptions, 0.000284
[362535.574] , Policies, 0.117608
[362535.575] , PolicyBranchTypes, 0.001137
[362535.576] , Processes, 0.000504
[362535.578] , Projects, 0.002777
[362535.579] , SmallAwards, 0.000085
[362535.580] , Specialists, 0.000972
[362535.580] , Victories, 0.000450
[362535.580] , Votes, 0.000298
[362535.581] , VoteSources, 0.000161
[362535.581] , Domains, 0.000140
[362535.612] , Leaders, 0.031104
[362535.613] , Routes, 0.000756
[362535.613] , Notifications, 0.000618
[362535.707] , Technologies, 0.093660
[362535.714] , Features, 0.006700
[362535.745] , Improvements, 0.031468
[362535.746] , ResourceClasses, 0.000111
[362535.762] , Resources, 0.015894
[362535.764] , Terrains, 0.002622
[362535.765] , Yields, 0.000297
[362535.765] , Automates, 0.000257
[362535.779] , Builds, 0.013883
[362535.779] , Commands, 0.000564
[362535.781] , Controls, 0.001660
[362535.786] , EntityEvents, 0.004258
[362535.788] , Missions, 0.002093
[362535.791] , MultiUnitFormations, 0.003640
[362535.792] , SpecialUnits, 0.000754
[362535.794] , UnitClasses, 0.001511
[362535.941] , UnitPromotions, 0.146996
[362536.172] , Units, 0.231127
[362536.253] , Civilizations, 0.080664
[362536.262] , MinorCivilizations, 0.008645
[362536.292] , Traits, 0.030793
[362536.293] , Religions, 0.000308
[362536.371] , Beliefs, 0.078471
[362536.372] , PrefetchGameData, 1.265458
[362536.372] , UpdatePlayableCivilizationCounts, 0.000005
[362536.372] , SetGlobalActionInfo, 0.000444
